# JRE version: Java(TM) SE Runtime Environment (8.0_101-b13) (build 1.8.0_101-b13)
# Java VM: Java HotSpot(TM) 64-Bit Server VM (25.101-b13 mixed mode linux-amd64 compressed oops)
Heap:
 PSYoungGen      total 174592K, used 13811K [0x000000076ab00000, 0x0000000776980000, 0x00000007c0000000)
  eden space 160768K, 0% used [0x000000076ab00000,0x000000076ab00000,0x0000000774800000)
  from space 13824K, 99% used [0x0000000774800000,0x000000077557cce8,0x0000000775580000)
  to   space 12288K, 0% used [0x0000000775580000,0x0000000775580000,0x0000000776180000)
 ParOldGen       total 83968K, used 22562K [0x00000006c0000000, 0x00000006c5200000, 0x000000076ab00000)
  object space 83968K, 26% used [0x00000006c0000000,0x00000006c1608b50,0x00000006c5200000)
 Metaspace       used 44239K, capacity 45334K, committed 45440K, reserved 1087488K
  class space    used 6184K, capacity 6458K, committed 6528K, reserved 1048576K
GC Heap History (10 events):
Event: 6,018 GC heap after
Heap after GC invocations=6 (full 1):
 PSYoungGen      total 68608K, used 5094K [0x000000076ab00000, 0x0000000772300000, 0x00000007c0000000)
  eden space 63488K, 0% used [0x000000076ab00000,0x000000076ab00000,0x000000076e900000)
  from space 5120K, 99% used [0x000000076e900000,0x000000076edf9a58,0x000000076ee00000)
  to   space 10240K, 0% used [0x0000000771900000,0x0000000771900000,0x0000000772300000)
 ParOldGen       total 57344K, used 11209K [0x00000006c0000000, 0x00000006c3800000, 0x000000076ab00000)
  object space 57344K, 19% used [0x00000006c0000000,0x00000006c0af2790,0x00000006c3800000)
 Metaspace       used 25585K, capacity 26246K, committed 26368K, reserved 1071104K
  class space    used 3623K, capacity 3805K, committed 3840K, reserved 1048576K
}
Event: 8,119 GC heap before
{Heap before GC invocations=7 (full 1):
 PSYoungGen      total 68608K, used 68582K [0x000000076ab00000, 0x0000000772300000, 0x00000007c0000000)
  eden space 63488K, 100% used [0x000000076ab00000,0x000000076e900000,0x000000076e900000)
  from space 5120K, 99% used [0x000000076e900000,0x000000076edf9a58,0x000000076ee00000)
  to   space 10240K, 0% used [0x0000000771900000,0x0000000771900000,0x0000000772300000)
 ParOldGen       total 57344K, used 11209K [0x00000006c0000000, 0x00000006c3800000, 0x000000076ab00000)
  object space 57344K, 19% used [0x00000006c0000000,0x00000006c0af2790,0x00000006c3800000)
 Metaspace       used 28163K, capacity 28930K, committed 29312K, reserved 1075200K
  class space    used 3951K, capacity 4165K, committed 4224K, reserved 1048576K
Event: 8,187 GC heap after
Heap after GC invocations=7 (full 1):
 PSYoungGen      total 112640K, used 6164K [0x000000076ab00000, 0x0000000772300000, 0x00000007c0000000)
  eden space 102400K, 0% used [0x000000076ab00000,0x000000076ab00000,0x0000000770f00000)
  from space 10240K, 60% used [0x0000000771900000,0x0000000771f050f8,0x0000000772300000)
  to   space 10240K, 0% used [0x0000000770f00000,0x0000000770f00000,0x0000000771900000)
 ParOldGen       total 57344K, used 11209K [0x00000006c0000000, 0x00000006c3800000, 0x000000076ab00000)
  object space 57344K, 19% used [0x00000006c0000000,0x00000006c0af2790,0x00000006c3800000)
 Metaspace       used 28163K, capacity 28930K, committed 29312K, reserved 1075200K
  class space    used 3951K, capacity 4165K, committed 4224K, reserved 1048576K
}
Event: 10,347 GC heap before
{Heap before GC invocations=8 (full 1):
 PSYoungGen      total 112640K, used 108564K [0x000000076ab00000, 0x0000000772300000, 0x00000007c0000000)
  eden space 102400K, 100% used [0x000000076ab00000,0x0000000770f00000,0x0000000770f00000)
  from space 10240K, 60% used [0x0000000771900000,0x0000000771f050f8,0x0000000772300000)
  to   space 10240K, 0% used [0x0000000770f00000,0x0000000770f00000,0x0000000771900000)
 ParOldGen       total 57344K, used 11209K [0x00000006c0000000, 0x00000006c3800000, 0x000000076ab00000)
  object space 57344K, 19% used [0x00000006c0000000,0x00000006c0af2790,0x00000006c3800000)
 Metaspace       used 33727K, capacity 34618K, committed 34816K, reserved 1079296K
  class space    used 4664K, capacity 4862K, committed 4864K, reserved 1048576K
Event: 10,394 GC heap after
Heap after GC invocations=8 (full 1):
 PSYoungGen      total 112640K, used 10211K [0x000000076ab00000, 0x0000000776180000, 0x00000007c0000000)
  eden space 102400K, 0% used [0x000000076ab00000,0x000000076ab00000,0x0000000770f00000)
  from space 10240K, 99% used [0x0000000770f00000,0x00000007718f8eb8,0x0000000771900000)
  to   space 12288K, 0% used [0x0000000775580000,0x0000000775580000,0x0000000776180000)
 ParOldGen       total 57344K, used 12908K [0x00000006c0000000, 0x00000006c3800000, 0x000000076ab00000)
  object space 57344K, 22% used [0x00000006c0000000,0x00000006c0c9b328,0x00000006c3800000)
 Metaspace       used 33727K, capacity 34618K, committed 34816K, reserved 1079296K
  class space    used 4664K, capacity 4862K, committed 4864K, reserved 1048576K
}
Event: 11,065 GC heap before
{Heap before GC invocations=9 (full 1):
 PSYoungGen      total 112640K, used 43654K [0x000000076ab00000, 0x0000000776180000, 0x00000007c0000000)
  eden space 102400K, 32% used [0x000000076ab00000,0x000000076cba8cd8,0x0000000770f00000)
  from space 10240K, 99% used [0x0000000770f00000,0x00000007718f8eb8,0x0000000771900000)
  to   space 12288K, 0% used [0x0000000775580000,0x0000000775580000,0x0000000776180000)
 ParOldGen       total 57344K, used 12908K [0x00000006c0000000, 0x00000006c3800000, 0x000000076ab00000)
  object space 57344K, 22% used [0x00000006c0000000,0x00000006c0c9b328,0x00000006c3800000)
 Metaspace       used 34333K, capacity 35242K, committed 35456K, reserved 1079296K
  class space    used 4748K, capacity 4921K, committed 4992K, reserved 1048576K
Event: 11,108 GC heap after
Heap after GC invocations=9 (full 1):
 PSYoungGen      total 173056K, used 12141K [0x000000076ab00000, 0x0000000776980000, 0x00000007c0000000)
  eden space 160768K, 0% used [0x000000076ab00000,0x000000076ab00000,0x0000000774800000)
  from space 12288K, 98% used [0x0000000775580000,0x000000077615b798,0x0000000776180000)
  to   space 13824K, 0% used [0x0000000774800000,0x0000000774800000,0x0000000775580000)
 ParOldGen       total 57344K, used 12916K [0x00000006c0000000, 0x00000006c3800000, 0x000000076ab00000)
  object space 57344K, 22% used [0x00000006c0000000,0x00000006c0c9d328,0x00000006c3800000)
 Metaspace       used 34333K, capacity 35242K, committed 35456K, reserved 1079296K
  class space    used 4748K, capacity 4921K, committed 4992K, reserved 1048576K
}
Event: 11,108 GC heap before
{Heap before GC invocations=10 (full 2):
 PSYoungGen      total 173056K, used 12141K [0x000000076ab00000, 0x0000000776980000, 0x00000007c0000000)
  eden space 160768K, 0% used [0x000000076ab00000,0x000000076ab00000,0x0000000774800000)
  from space 12288K, 98% used [0x0000000775580000,0x000000077615b798,0x0000000776180000)
  to   space 13824K, 0% used [0x0000000774800000,0x0000000774800000,0x0000000775580000)
 ParOldGen       total 57344K, used 12916K [0x00000006c0000000, 0x00000006c3800000, 0x000000076ab00000)
  object space 57344K, 22% used [0x00000006c0000000,0x00000006c0c9d328,0x00000006c3800000)
 Metaspace       used 34333K, capacity 35242K, committed 35456K, reserved 1079296K
  class space    used 4748K, capacity 4921K, committed 4992K, reserved 1048576K
Event: 11,312 GC heap after
Heap after GC invocations=10 (full 2):
 PSYoungGen      total 173056K, used 0K [0x000000076ab00000, 0x0000000776980000, 0x00000007c0000000)
  eden space 160768K, 0% used [0x000000076ab00000,0x000000076ab00000,0x0000000774800000)
  from space 12288K, 0% used [0x0000000775580000,0x0000000775580000,0x0000000776180000)
  to   space 13824K, 0% used [0x0000000774800000,0x0000000774800000,0x0000000775580000)
 ParOldGen       total 83968K, used 19580K [0x00000006c0000000, 0x00000006c5200000, 0x000000076ab00000)
  object space 83968K, 23% used [0x00000006c0000000,0x00000006c131f338,0x00000006c5200000)
 Metaspace       used 34333K, capacity 35242K, committed 35456K, reserved 1079296K
  class space    used 4748K, capacity 4921K, committed 4992K, reserved 1048576K
}
Event: 107,359 GC heap before
{Heap before GC invocations=11 (full 2):
 PSYoungGen      total 173056K, used 160768K [0x000000076ab00000, 0x0000000776980000, 0x00000007c0000000)
  eden space 160768K, 100% used [0x000000076ab00000,0x0000000774800000,0x0000000774800000)
  from space 12288K, 0% used [0x0000000775580000,0x0000000775580000,0x0000000776180000)
  to   space 13824K, 0% used [0x0000000774800000,0x0000000774800000,0x0000000775580000)
 ParOldGen       total 83968K, used 19580K [0x00000006c0000000, 0x00000006c5200000, 0x000000076ab00000)
  object space 83968K, 23% used [0x00000006c0000000,0x00000006c131f338,0x00000006c5200000)
 Metaspace       used 44239K, capacity 45334K, committed 45440K, reserved 1087488K
  class space    used 6184K, capacity 6458K, committed 6528K, reserved 1048576K

